<?xml version="1.0" encoding="UTF-8"?>
<testsuite xmlns:xsi="http://www.w3.org/2001/XMLSchema-instance" xsi:noNamespaceSchemaLocation="https://maven.apache.org/surefire/maven-surefire-plugin/xsd/surefire-test-report-3.0.xsd" version="3.0" name="LeitorFuncionariosTest" time="0.113" tests="3" errors="0" skipped="0" failures="0">
  <properties>
[...]
</properties>
  <testcase name="devePreencherCorretamenteOsCamposDoSegundoFuncionario" classname="LeitorFuncionariosTest" time="0.066"/>
  <testcase name="devePreencherCorretamenteOsCamposDoPrimeiroFuncionario" classname="LeitorFuncionariosTest" time="0.013"/>
  <testcase name="deveLerTodosOsFuncionariosDoArquivo" classname="LeitorFuncionariosTest" time="0.027"/>
</testsuite>